
ec: system execution failed.
Following is the set of recorded exceptions:

******************************** Thread exception *****************************
In thread           Root thread            0x0 (thread id)
*******************************************************************************
-------------------------------------------------------------------------------
Class / Object      Routine                Nature of exception           Effect
-------------------------------------------------------------------------------
CONSOLE             put_string @4          FILE: unable to write STRING object.:
<00000236046F1918>                         Runtime I/O error.            Fail
-------------------------------------------------------------------------------
CONSOLE             put_string @4                                       
<00000236046F1918>                         Routine failure.              Fail
-------------------------------------------------------------------------------
CONSOLE             put_string_general @17                              
<00000236046F1918>  (From PLAIN_TEXT_FILE) Routine failure.              Fail
-------------------------------------------------------------------------------
CONSOLE             put_string_32 @1                                    
<00000236046F1918>  (From PLAIN_TEXT_FILE) Routine failure.              Fail
-------------------------------------------------------------------------------
EC_ENCODING_CONVERTER
                    localized_print_error @4
<00000236046998B8>  (From LOCALIZED_PRINTER)
                                           Routine failure.              Fail
-------------------------------------------------------------------------------
DEGREE_OUTPUT       put_message @1                                      
<00000236046E1778>                         Routine failure.              Fail
-------------------------------------------------------------------------------
DEGREE_OUTPUT       put_start_degree @6                                 
<00000236046E1778>                         Routine failure.              Fail
-------------------------------------------------------------------------------
SYSTEM_I            init_recompilation @1                               
<0000023605BB7208>                         Routine failure.              Fail
-------------------------------------------------------------------------------
SYSTEM_I            do_recompilation @5                                 
<0000023605BB7208>                         Routine failure.              Fail
-------------------------------------------------------------------------------
SYSTEM_I            recompile @6                                        
<0000023605BB7208>                         Routine failure.              Rescue
-------------------------------------------------------------------------------
WORKBENCH_I         recompile @23                                       
<00000236045999C8>                         Routine failure.              Rescue
-------------------------------------------------------------------------------
E_PROJECT           melt @7                                             
<0000023604599508>                         Routine failure.              Rescue
-------------------------------------------------------------------------------
E_PROJECT           quick_melt @3                                       
<0000023604599508>                         Routine failure.              Fail
-------------------------------------------------------------------------------
EWB_QUICK_MELT      perform_compilation @1                              
<00000236045993D8>                         Routine failure.              Fail
-------------------------------------------------------------------------------
EWB_QUICK_MELT      compile @3                                          
<00000236045993D8>  (From EWB_COMP)        Routine failure.              Fail
-------------------------------------------------------------------------------
EWB_QUICK_MELT      execute @6                                          
<00000236045993D8>  (From EWB_COMP)        Routine failure.              Fail
-------------------------------------------------------------------------------
ES_BATCH            execute @45                                         
<0000023605B027E8>  (From ES)              Routine failure.              Rescue
-------------------------------------------------------------------------------
~~~~~~~~~~~~~~~~~~~~~~~~~~~~~~~ entering level 1 ~~~~~~~~~~~~~~~~~~~~~~~~~~~~~~
-------------------------------------------------------------------------------
CONSOLE             put_string @4          FILE: unable to write STRING object.:
<00000236046F1918>                         Runtime I/O error.            Fail
-------------------------------------------------------------------------------
CONSOLE             put_string @4                                       
<00000236046F1918>                         Routine failure.              Fail
-------------------------------------------------------------------------------
CONSOLE             put_string_general @17                              
<00000236046F1918>  (From PLAIN_TEXT_FILE) Routine failure.              Fail
-------------------------------------------------------------------------------
CONSOLE             put_string_32 @1                                    
<00000236046F1918>  (From PLAIN_TEXT_FILE) Routine failure.              Fail
-------------------------------------------------------------------------------
ES_BATCH            localized_print_error @4
<0000023605B027E8>  (From LOCALIZED_PRINTER)
                                           Routine failure.              Fail
-------------------------------------------------------------------------------
~~~~~~~~~~~~~~~~~~~~~~~~~~~~~~~ back to level 0 ~~~~~~~~~~~~~~~~~~~~~~~~~~~~~~~
-------------------------------------------------------------------------------
ES_BATCH            execute @69                                         
<0000023605B027E8>  (From ES)              Exception in rescue clause.   Fail
-------------------------------------------------------------------------------
ES_BATCH            make @13                                            
<0000023605B027E8>  (From ES)              Routine failure.              Fail
-------------------------------------------------------------------------------
EB_KERNEL           make @5                                             
<00000236059A8808>                         Routine failure.              Fail
-------------------------------------------------------------------------------
EB_KERNEL           root's creation                                     
<00000236059A8808>                         Routine failure.              Exit
-------------------------------------------------------------------------------
